Mplus VERSION 6.1
MUTHEN & MUTHEN
07/08/2013   4:33 PM

INPUT INSTRUCTIONS

  TITLE:
  Dyadic STARTS MODEL using HILDA Data
  DATA:
  FILE = "lsOut.dat";

  VARIABLE:
  NAMES = hls1 wls1 hls2 wls2 hls3 wls3 hls4 wls4 hls5 wls5 hls6 wls6 hls7 wls7 hls8
       wls8 hls9 wls9 hls10 wls10;
   MISSING=.;

  ANALYSIS:
  ESTIMATOR = ML;
  MODEL:

  !!!!!!!!!!!!!!!!!!!!!!!!!!!!!!!!!!!!!!!!!!!!!!!!!!!!!!!!!!!!!!!!!!!!!!!!!!!!!!!!!!
  ! Husband Model
  !!!!!!!!!!!!!!!!!!!!!!!!!!!!!!!!!!!!!!!!!!!!!!!!!!!!!!!!!!!!!!!!!!!!!!!!!!!!!!!!!!

  ! Fix residual observed variance to be equal

  hls1-hls10*1 (herror);

  ! Create latent stable trait factor

  htrait by hls1-hls10@1;

  ! Name stable trait variance
  htrait*1 (htraitVar);

  ! Set up autoregressive factors
  har1 by hls1@1;
  har2 by hls2@1;
  har3 by hls3@1;
  har4 by hls4@1;
  har5 by hls5@1;
  har6 by hls6@1;
  har7 by hls7@1;
  har8 by hls8@1;
  har9 by hls9@1;
  har10 by hls10@1;

  ! Define autoregressive structure
  har2 on har1*.7 (hstab);
  har3 on har2*.7 (hstab);
  har4 on har3*.7 (hstab);
  har5 on har4*.7 (hstab);
  har6 on har5*.7 (hstab);
  har7 on har6*.7 (hstab);
  har8 on har7*.7 (hstab);
  har9 on har8*.7 (hstab);
  har10 on har9*.7 (hstab);

  ! Set name for initial AR variance (for later constraint)
  har1*1 (hArVar);

  ! Impose equality constraint on residual variances
  har2-har10*.3 (hNew);


  !!!!!!!!!!!!!!!!!!!!!!!!!!!!!!!!!!!!!!!!!!!!!!!!!!!!!!!!!!!!!!!!!!!!!!!!!!!!!!!!!!
  ! Wife Model
  !!!!!!!!!!!!!!!!!!!!!!!!!!!!!!!!!!!!!!!!!!!!!!!!!!!!!!!!!!!!!!!!!!!!!!!!!!!!!!!!!!

  ! Fix residual observed variance to be equal

  wls1-wls10*1 (werror);

  ! Create latent stable trait factor

  wtrait by wls1-wls10@1;

  ! Name stable trait variance
  wtrait*1 (wtraitVar);

  ! Set up autoregressive factors
  war1 by wls1@1;
  war2 by wls2@1;
  war3 by wls3@1;
  war4 by wls4@1;
  war5 by wls5@1;
  war6 by wls6@1;
  war7 by wls7@1;
  war8 by wls8@1;
  war9 by wls9@1;
  war10 by wls10@1;

  ! Define autoregressive structure
  war2 on war1*.7 (wstab);
  war3 on war2*.7 (wstab);
  war4 on war3*.7 (wstab);
  war5 on war4*.7 (wstab);
  war6 on war5*.7 (wstab);
  war7 on war6*.7 (wstab);
  war8 on war7*.7 (wstab);
  war9 on war8*.7 (wstab);
  war10 on war9*.7 (wstab);

  ! Set name for initial AR variance (for later constraint)
  war1*1 (wArVar);

  ! Impose equality constraint on residual variances
  war2*.3 (wNew);
  war3*.3 (wNew);
  war4*.3 (wNew);
  war5*.3 (wNew);
  war6*.3 (wNew);
  war7*.3 (wNew);
  war8*.3 (wNew);
  war9*.3 (wNew);
  war10*.3 (wNew);

  !!!!!!!!!!!!!!!!!!!!!!!!!!!!!!!!!!!!!!!!!!!!!!!!!!!!!!!!!!!!!!!!!!!!!!!!!!!!!!!!!!
  ! Dyadic Part of Model
  !!!!!!!!!!!!!!!!!!!!!!!!!!!!!!!!!!!!!!!!!!!!!!!!!!!!!!!!!!!!!!!!!!!!!!!!!!!!!!!!!!

  ! Stable Trait Correlation
  htrait with wtrait*.6 (UTSIM);

  ! Initial AR Correlation
  har1 with war1*.5 (UISIM);

  ! New AR correlations
  har2-har10 pwith war2-war10*3 (UNSIM);

  ! State/Error Correlations
  hls1-hls10 pwith wls1-wls10 (UESIM);

  ! Make sure factors are uncorrelated
  har1,war1 with htrait@0;
  har1,war1 with wtrait@0;

  !!!!!!!!!!!!!!!!!!!!!!!!!!!!!!!!!!!!!!!!!!!!!!!!!!!!!!!!!!!!!!!!!!!!!!!!!!!!!!!!!!
  ! Model Constraints
  !!!!!!!!!!!!!!!!!!!!!!!!!!!!!!!!!!!!!!!!!!!!!!!!!!!!!!!!!!!!!!!!!!!!!!!!!!!!!!!!!!


  MODEL CONSTRAINT:

  ! Nonlinear constraints for stationarity

  ! Husbands
  hNew = hArVar - (hArVar * hstab**2);

  ! Wives
  wNew = wArVar - (wArVar * wstab**2);

  ! Create new parameters
  NEW (TSIM ISIM NSIM ESIM HREL WREL);

  TSIM = UTSIM / sqrt (wtraitVar * htraitVar);
  ISIM = UISIM / sqrt (wArVar * hArVar);
  NSIM = UNSIM / sqrt (wArVar * hArVar);
  ESIM = UESIM / sqrt (werror * herror);
  WREL = (wtraitVar + wArVar) / (wtraitVar + wArVar + werror);
  HREL = (htraitVar + hArVar) / (htraitVar + hArVar + herror);


  OUTPUT:
  RESIDUAL STANDARDIZED CINTERVAL TECH3 TECH4 SAMPSTAT;



*** WARNING
  Variable name contains more than 8 characters.
  Only the first 8 characters will be printed in the output.
  Variable: HTRAITVAR
*** WARNING
  Variable name contains more than 8 characters.
  Only the first 8 characters will be printed in the output.
  Variable: WTRAITVAR
   2 WARNING(S) FOUND IN THE INPUT INSTRUCTIONS




Dyadic STARTS MODEL using HILDA Data

SUMMARY OF ANALYSIS

Number of groups                                                 1
Number of observations                                        3224

Number of dependent variables                                   20
Number of independent variables                                  0
Number of continuous latent variables                           22

Observed dependent variables

  Continuous
   HLS1        WLS1        HLS2        WLS2        HLS3        WLS3
   HLS4        WLS4        HLS5        WLS5        HLS6        WLS6
   HLS7        WLS7        HLS8        WLS8        HLS9        WLS9
   HLS10       WLS10

Continuous latent variables
   HTRAIT      HAR1        HAR2        HAR3        HAR4        HAR5
   HAR6        HAR7        HAR8        HAR9        HAR10       WTRAIT
   WAR1        WAR2        WAR3        WAR4        WAR5        WAR6
   WAR7        WAR8        WAR9        WAR10


Estimator                                                       ML
Information matrix                                        OBSERVED
Maximum number of iterations                                  1000
Convergence criterion                                    0.500D-04
Maximum number of steepest descent iterations                   20
Maximum number of iterations for H1                           2000
Convergence criterion for H1                             0.100D-03

Input data file(s)
  lsOut.dat

Input data format  FREE


SUMMARY OF DATA

     Number of missing data patterns           461


COVARIANCE COVERAGE OF DATA

Minimum covariance coverage value   0.100


     PROPORTION OF DATA PRESENT


           Covariance Coverage
              HLS1          WLS1          HLS2          WLS2          HLS3
              ________      ________      ________      ________      ________
 HLS1           0.906
 WLS1           0.895         0.928
 HLS2           0.802         0.808         0.829
 WLS2           0.808         0.830         0.813         0.848
 HLS3           0.753         0.764         0.753         0.752         0.787
 WLS3           0.766         0.788         0.756         0.776         0.775
 HLS4           0.713         0.723         0.711         0.708         0.713
 WLS4           0.726         0.749         0.716         0.736         0.716
 HLS5           0.701         0.712         0.696         0.696         0.692
 WLS5           0.713         0.734         0.702         0.720         0.695
 HLS6           0.686         0.700         0.681         0.685         0.679
 WLS6           0.699         0.722         0.688         0.708         0.683
 HLS7           0.655         0.669         0.650         0.654         0.647
 WLS7           0.672         0.695         0.663         0.681         0.656
 HLS8           0.639         0.653         0.634         0.638         0.630
 WLS8           0.655         0.676         0.646         0.662         0.639
 HLS9           0.634         0.650         0.629         0.635         0.624
 WLS9           0.650         0.668         0.639         0.654         0.633
 HLS10          0.626         0.642         0.621         0.628         0.617
 WLS10          0.640         0.658         0.631         0.645         0.623


           Covariance Coverage
              WLS3          HLS4          WLS4          HLS5          WLS5
              ________      ________      ________      ________      ________
 WLS3           0.808
 HLS4           0.712         0.745
 WLS4           0.742         0.730         0.769
 HLS5           0.695         0.695         0.694         0.734
 WLS5           0.720         0.690         0.721         0.717         0.755
 HLS6           0.686         0.679         0.681         0.699         0.693
 WLS6           0.707         0.676         0.705         0.691         0.720
 HLS7           0.654         0.647         0.653         0.666         0.661
 WLS7           0.679         0.652         0.680         0.665         0.691
 HLS8           0.638         0.631         0.635         0.648         0.643
 WLS8           0.660         0.636         0.661         0.648         0.672
 HLS9           0.634         0.623         0.631         0.639         0.638
 WLS9           0.653         0.630         0.651         0.638         0.659
 HLS10          0.626         0.618         0.625         0.632         0.630
 WLS10          0.642         0.621         0.644         0.631         0.651


           Covariance Coverage
              HLS6          WLS6          HLS7          WLS7          HLS8
              ________      ________      ________      ________      ________
 HLS6           0.724
 WLS6           0.708         0.743
 HLS7           0.674         0.668         0.688
 WLS7           0.672         0.701         0.674         0.714
 HLS8           0.654         0.648         0.656         0.650         0.675
 WLS8           0.654         0.679         0.650         0.681         0.661
 HLS9           0.644         0.641         0.641         0.641         0.647
 WLS9           0.646         0.665         0.639         0.666         0.642
 HLS10          0.637         0.635         0.634         0.633         0.636
 WLS10          0.637         0.657         0.630         0.656         0.632


           Covariance Coverage
              WLS8          HLS9          WLS9          HLS10         WLS10
              ________      ________      ________      ________      ________
 WLS8           0.698
 HLS9           0.645         0.674
 WLS9           0.669         0.659         0.692
 HLS10          0.635         0.651         0.641         0.668
 WLS10          0.658         0.641         0.667         0.652         0.684


SAMPLE STATISTICS


     ESTIMATED SAMPLE STATISTICS


           Means
              HLS1          WLS1          HLS2          WLS2          HLS3
              ________      ________      ________      ________      ________
      1         8.114         8.274         8.034         8.120         8.080


           Means
              WLS3          HLS4          WLS4          HLS5          WLS5
              ________      ________      ________      ________      ________
      1         8.224         8.054         8.195         7.989         8.121


           Means
              HLS6          WLS6          HLS7          WLS7          HLS8
              ________      ________      ________      ________      ________
      1         7.970         8.068         7.986         8.070         7.953


           Means
              WLS8          HLS9          WLS9          HLS10         WLS10
              ________      ________      ________      ________      ________
      1         8.064         8.002         8.079         7.952         8.010


           Covariances
              HLS1          WLS1          HLS2          WLS2          HLS3
              ________      ________      ________      ________      ________
 HLS1           2.263
 WLS1           0.744         2.149
 HLS2           1.181         0.607         1.988
 WLS2           0.580         1.234         0.692         2.184
 HLS3           1.174         0.530         1.170         0.570         1.961
 WLS3           0.570         1.062         0.607         1.180         0.714
 HLS4           1.105         0.528         1.152         0.580         1.173
 WLS4           0.554         1.071         0.588         1.142         0.582
 HLS5           1.068         0.569         1.064         0.540         1.098
 WLS5           0.530         1.016         0.604         1.097         0.585
 HLS6           1.020         0.519         1.025         0.493         1.065
 WLS6           0.553         0.996         0.559         1.113         0.538
 HLS7           0.899         0.498         0.929         0.536         0.938
 WLS7           0.520         0.823         0.570         0.999         0.542
 HLS8           0.912         0.504         0.906         0.483         0.919
 WLS8           0.483         0.887         0.465         1.043         0.508
 HLS9           1.003         0.480         0.990         0.453         0.970
 WLS9           0.501         0.817         0.465         0.923         0.482
 HLS10          0.907         0.456         0.910         0.486         0.915
 WLS10          0.478         0.795         0.497         0.965         0.493


           Covariances
              WLS3          HLS4          WLS4          HLS5          WLS5
              ________      ________      ________      ________      ________
 WLS3           1.902
 HLS4           0.617         1.916
 WLS4           1.141         0.667         1.874
 HLS5           0.600         1.182         0.572         1.795
 WLS5           1.096         0.657         1.152         0.722         1.835
 HLS6           0.561         1.114         0.576         1.138         0.597
 WLS6           1.018         0.596         1.107         0.608         1.210
 HLS7           0.494         1.027         0.499         1.076         0.574
 WLS7           0.917         0.583         0.988         0.620         1.040
 HLS8           0.487         1.003         0.535         1.028         0.560
 WLS8           0.935         0.530         0.917         0.552         1.030
 HLS9           0.493         1.045         0.499         1.017         0.556
 WLS9           0.883         0.490         0.859         0.509         0.966
 HLS10          0.506         0.995         0.480         0.979         0.556
 WLS10          0.884         0.516         0.855         0.546         0.924


           Covariances
              HLS6          WLS6          HLS7          WLS7          HLS8
              ________      ________      ________      ________      ________
 HLS6           1.818
 WLS6           0.688         1.888
 HLS7           1.141         0.616         1.835
 WLS7           0.620         1.124         0.700         1.765
 HLS8           1.075         0.646         1.095         0.580         1.675
 WLS8           0.593         1.108         0.576         1.056         0.710
 HLS9           1.035         0.596         1.067         0.585         1.122
 WLS9           0.513         1.021         0.499         0.962         0.547
 HLS10          1.045         0.576         1.053         0.619         1.074
 WLS10          0.594         1.023         0.560         0.976         0.557


           Covariances
              WLS8          HLS9          WLS9          HLS10         WLS10
              ________      ________      ________      ________      ________
 WLS8           1.755
 HLS9           0.583         1.787
 WLS9           1.019         0.680         1.695
 HLS10          0.577         1.203         0.610         1.861
 WLS10          1.035         0.580         1.025         0.748         1.868


           Correlations
              HLS1          WLS1          HLS2          WLS2          HLS3
              ________      ________      ________      ________      ________
 HLS1           1.000
 WLS1           0.337         1.000
 HLS2           0.557         0.294         1.000
 WLS2           0.261         0.570         0.332         1.000
 HLS3           0.557         0.258         0.593         0.275         1.000
 WLS3           0.275         0.525         0.312         0.579         0.370
 HLS4           0.530         0.260         0.590         0.284         0.605
 WLS4           0.269         0.533         0.305         0.564         0.304
 HLS5           0.530         0.290         0.563         0.273         0.585
 WLS5           0.260         0.512         0.316         0.548         0.308
 HLS6           0.503         0.263         0.539         0.247         0.564
 WLS6           0.267         0.495         0.289         0.548         0.279
 HLS7           0.441         0.251         0.486         0.268         0.494
 WLS7           0.260         0.423         0.304         0.509         0.291
 HLS8           0.468         0.266         0.497         0.252         0.507
 WLS8           0.242         0.457         0.249         0.533         0.274
 HLS9           0.499         0.245         0.525         0.229         0.518
 WLS9           0.256         0.428         0.253         0.480         0.264
 HLS10          0.442         0.228         0.473         0.241         0.479
 WLS10          0.232         0.397         0.258         0.478         0.257


           Correlations
              WLS3          HLS4          WLS4          HLS5          WLS5
              ________      ________      ________      ________      ________
 WLS3           1.000
 HLS4           0.323         1.000
 WLS4           0.604         0.352         1.000
 HLS5           0.325         0.638         0.312         1.000
 WLS5           0.587         0.350         0.621         0.398         1.000
 HLS6           0.302         0.597         0.312         0.630         0.327
 WLS6           0.537         0.313         0.588         0.330         0.650
 HLS7           0.264         0.548         0.269         0.593         0.313
 WLS7           0.500         0.317         0.543         0.348         0.578
 HLS8           0.273         0.560         0.302         0.593         0.319
 WLS8           0.512         0.289         0.506         0.311         0.574
 HLS9           0.268         0.565         0.272         0.568         0.307
 WLS9           0.492         0.272         0.482         0.292         0.548
 HLS10          0.269         0.527         0.257         0.535         0.301
 WLS10          0.469         0.273         0.457         0.298         0.499


           Correlations
              HLS6          WLS6          HLS7          WLS7          HLS8
              ________      ________      ________      ________      ________
 HLS6           1.000
 WLS6           0.372         1.000
 HLS7           0.625         0.331         1.000
 WLS7           0.346         0.616         0.389         1.000
 HLS8           0.616         0.364         0.624         0.338         1.000
 WLS8           0.332         0.608         0.321         0.600         0.414
 HLS9           0.574         0.325         0.589         0.329         0.649
 WLS9           0.292         0.571         0.283         0.556         0.325
 HLS10          0.568         0.307         0.570         0.342         0.608
 WLS10          0.322         0.545         0.302         0.537         0.315


           Correlations
              WLS8          HLS9          WLS9          HLS10         WLS10
              ________      ________      ________      ________      ________
 WLS8           1.000
 HLS9           0.329         1.000
 WLS9           0.591         0.390         1.000
 HLS10          0.320         0.659         0.343         1.000
 WLS10          0.572         0.317         0.576         0.401         1.000


     MAXIMUM LOG-LIKELIHOOD VALUE FOR THE UNRESTRICTED (H1) MODEL IS  -70668.115


     NO CONVERGENCE.  SERIOUS PROBLEMS IN ITERATIONS.
     ESTIMATED COVARIANCE MATRIX NON-INVERTIBLE.
     CHECK YOUR STARTING VALUES.



MODEL RESULTS

                    Estimate

 HTRAIT   BY
    HLS1               1.000
    WLS1               1.000
    HLS2               1.000
    WLS2               1.000
    HLS3               1.000
    WLS3               1.000
    HLS4               1.000
    WLS4               1.000
    HLS5               1.000
    WLS5               1.000
    HLS6               1.000
    WLS6               1.000
    HLS7               1.000
    WLS7               1.000
    HLS8               1.000
    WLS8               1.000
    HLS9               1.000
    WLS9               1.000
    HLS10              1.000

 HAR1     BY
    HLS1               1.000

 HAR2     BY
    HLS2               1.000

 HAR3     BY
    HLS3               1.000

 HAR4     BY
    HLS4               1.000

 HAR5     BY
    HLS5               1.000

 HAR6     BY
    HLS6               1.000

 HAR7     BY
    HLS7               1.000

 HAR8     BY
    HLS8               1.000

 HAR9     BY
    HLS9               1.000

 HAR10    BY
    HLS10              1.000

 WTRAIT   BY
    WLS1               1.000
    HLS2               1.000
    WLS2               1.000
    HLS3               1.000
    WLS3               1.000
    HLS4               1.000
    WLS4               1.000
    HLS5               1.000
    WLS5               1.000
    HLS6               1.000
    WLS6               1.000
    HLS7               1.000
    WLS7               1.000
    HLS8               1.000
    WLS8               1.000
    HLS9               1.000
    WLS9               1.000
    HLS10              1.000
    WLS10              1.000

 WAR1     BY
    WLS1               1.000

 WAR2     BY
    WLS2               1.000

 WAR3     BY
    WLS3               1.000

 WAR4     BY
    WLS4               1.000

 WAR5     BY
    WLS5               1.000

 WAR6     BY
    WLS6               1.000

 WAR7     BY
    WLS7               1.000

 WAR8     BY
    WLS8               1.000

 WAR9     BY
    WLS9               1.000

 WAR10    BY
    WLS10              1.000

 HAR2     ON
    HAR1               0.700

 HAR3     ON
    HAR2               0.700

 HAR4     ON
    HAR3               0.700

 HAR5     ON
    HAR4               0.700

 HAR6     ON
    HAR5               0.700

 HAR7     ON
    HAR6               0.700

 HAR8     ON
    HAR7               0.700

 HAR9     ON
    HAR8               0.700

 HAR10    ON
    HAR9               0.700

 WAR2     ON
    WAR1               0.700

 WAR3     ON
    WAR2               0.700

 WAR4     ON
    WAR3               0.700

 WAR5     ON
    WAR4               0.700

 WAR6     ON
    WAR5               0.700

 WAR7     ON
    WAR6               0.700

 WAR8     ON
    WAR7               0.700

 WAR9     ON
    WAR8               0.700

 WAR10    ON
    WAR9               0.700

 HTRAIT   WITH
    WTRAIT             0.600

 HAR1     WITH
    WAR1               0.500
    HTRAIT             0.000
    WTRAIT             0.000

 WAR1     WITH
    HTRAIT             0.000
    WTRAIT             0.000

 HAR2     WITH
    WAR2               3.000

 HAR3     WITH
    WAR3               3.000

 HAR4     WITH
    WAR4               3.000

 HAR5     WITH
    WAR5               3.000

 HAR6     WITH
    WAR6               3.000

 HAR7     WITH
    WAR7               3.000

 HAR8     WITH
    WAR8               3.000

 HAR9     WITH
    WAR9               3.000

 HAR10    WITH
    WAR10              3.000

 HLS1     WITH
    WLS1               0.000

 WLS1     WITH
    HLS2               0.000

 HLS2     WITH
    WLS2               0.000

 WLS2     WITH
    HLS3               0.000

 HLS3     WITH
    WLS3               0.000

 WLS3     WITH
    HLS4               0.000

 HLS4     WITH
    WLS4               0.000

 WLS4     WITH
    HLS5               0.000

 HLS5     WITH
    WLS5               0.000

 WLS5     WITH
    HLS6               0.000

 HLS6     WITH
    WLS6               0.000

 WLS6     WITH
    HLS7               0.000

 HLS7     WITH
    WLS7               0.000

 WLS7     WITH
    HLS8               0.000

 HLS8     WITH
    WLS8               0.000

 WLS8     WITH
    HLS9               0.000

 HLS9     WITH
    WLS9               0.000

 WLS9     WITH
    HLS10              0.000

 HLS10    WITH
    WLS10              0.000

 Intercepts
    HLS1               8.116
    WLS1               8.279
    HLS2               8.040
    WLS2               8.132
    HLS3               8.090
    WLS3               8.234
    HLS4               8.075
    WLS4               8.210
    HLS5               8.014
    WLS5               8.143
    HLS6               7.993
    WLS6               8.075
    HLS7               8.011
    WLS7               8.091
    HLS8               7.983
    WLS8               8.087
    HLS9               8.023
    WLS9               8.090
    HLS10              7.974
    WLS10              8.028

 Variances
    HTRAIT             1.000
    HAR1               1.000
    WTRAIT             1.000
    WAR1               1.000

 Residual Variances
    HLS1               1.000
    WLS1               1.000
    HLS2               1.000
    WLS2               1.000
    HLS3               1.000
    WLS3               1.000
    HLS4               1.000
    WLS4               1.000
    HLS5               1.000
    WLS5               1.000
    HLS6               1.000
    WLS6               1.000
    HLS7               1.000
    WLS7               1.000
    HLS8               1.000
    WLS8               1.000
    HLS9               1.000
    WLS9               1.000
    HLS10              1.000
    WLS10              1.000
    HAR2               0.510
    HAR3               0.510
    HAR4               0.510
    HAR5               0.510
    HAR6               0.510
    HAR7               0.510
    HAR8               0.510
    HAR9               0.510
    HAR10              0.510
    WAR2               0.510
    WAR3               0.510
    WAR4               0.510
    WAR5               0.510
    WAR6               0.510
    WAR7               0.510
    WAR8               0.510
    WAR9               0.510
    WAR10              0.510

 New/Additional Parameters
    TSIM               0.600
    ISIM               0.500
    NSIM               3.000
    ESIM               0.000
    HREL               0.667
    WREL               0.667


MODEL COMMAND WITH FINAL ESTIMATES USED AS STARTING VALUES

     htrait BY hls1@1;
     htrait BY wls1@1;
     htrait BY hls2@1;
     htrait BY wls2@1;
     htrait BY hls3@1;
     htrait BY wls3@1;
     htrait BY hls4@1;
     htrait BY wls4@1;
     htrait BY hls5@1;
     htrait BY wls5@1;
     htrait BY hls6@1;
     htrait BY wls6@1;
     htrait BY hls7@1;
     htrait BY wls7@1;
     htrait BY hls8@1;
     htrait BY wls8@1;
     htrait BY hls9@1;
     htrait BY wls9@1;
     htrait BY hls10@1;
     har1 BY hls1@1;
     har2 BY hls2@1;
     har3 BY hls3@1;
     har4 BY hls4@1;
     har5 BY hls5@1;
     har6 BY hls6@1;
     har7 BY hls7@1;
     har8 BY hls8@1;
     har9 BY hls9@1;
     har10 BY hls10@1;
     wtrait BY wls1@1;
     wtrait BY hls2@1;
     wtrait BY wls2@1;
     wtrait BY hls3@1;
     wtrait BY wls3@1;
     wtrait BY hls4@1;
     wtrait BY wls4@1;
     wtrait BY hls5@1;
     wtrait BY wls5@1;
     wtrait BY hls6@1;
     wtrait BY wls6@1;
     wtrait BY hls7@1;
     wtrait BY wls7@1;
     wtrait BY hls8@1;
     wtrait BY wls8@1;
     wtrait BY hls9@1;
     wtrait BY wls9@1;
     wtrait BY hls10@1;
     wtrait BY wls10@1;
     war1 BY wls1@1;
     war2 BY wls2@1;
     war3 BY wls3@1;
     war4 BY wls4@1;
     war5 BY wls5@1;
     war6 BY wls6@1;
     war7 BY wls7@1;
     war8 BY wls8@1;
     war9 BY wls9@1;
     war10 BY wls10@1;

     har2 ON har1*0.700 (hstab);
     har3 ON har2*0.700 (hstab);
     har4 ON har3*0.700 (hstab);
     har5 ON har4*0.700 (hstab);
     har6 ON har5*0.700 (hstab);
     har7 ON har6*0.700 (hstab);
     har8 ON har7*0.700 (hstab);
     har9 ON har8*0.700 (hstab);
     har10 ON har9*0.700 (hstab);
     war2 ON war1*0.700 (wstab);
     war3 ON war2*0.700 (wstab);
     war4 ON war3*0.700 (wstab);
     war5 ON war4*0.700 (wstab);
     war6 ON war5*0.700 (wstab);
     war7 ON war6*0.700 (wstab);
     war8 ON war7*0.700 (wstab);
     war9 ON war8*0.700 (wstab);
     war10 ON war9*0.700 (wstab);

     hls1 WITH wls1*0 (uesim);
     wls1 WITH hls2*0 (uesim);
     hls2 WITH wls2*0 (uesim);
     wls2 WITH hls3*0 (uesim);
     hls3 WITH wls3*0 (uesim);
     wls3 WITH hls4*0 (uesim);
     hls4 WITH wls4*0 (uesim);
     wls4 WITH hls5*0 (uesim);
     hls5 WITH wls5*0 (uesim);
     wls5 WITH hls6*0 (uesim);
     hls6 WITH wls6*0 (uesim);
     wls6 WITH hls7*0 (uesim);
     hls7 WITH wls7*0 (uesim);
     wls7 WITH hls8*0 (uesim);
     hls8 WITH wls8*0 (uesim);
     wls8 WITH hls9*0 (uesim);
     hls9 WITH wls9*0 (uesim);
     wls9 WITH hls10*0 (uesim);
     hls10 WITH wls10*0 (uesim);
     htrait WITH wtrait*0.600 (utsim);
     har1 WITH war1*0.500 (uisim);
     har1 WITH htrait@0;
     har1 WITH wtrait@0;
     war1 WITH htrait@0;
     war1 WITH wtrait@0;
     har2 WITH war2*3 (unsim);
     har3 WITH war3*3 (unsim);
     har4 WITH war4*3 (unsim);
     har5 WITH war5*3 (unsim);
     har6 WITH war6*3 (unsim);
     har7 WITH war7*3 (unsim);
     har8 WITH war8*3 (unsim);
     har9 WITH war9*3 (unsim);
     har10 WITH war10*3 (unsim);

     [ hls1*8.116 ];
     [ wls1*8.279 ];
     [ hls2*8.040 ];
     [ wls2*8.132 ];
     [ hls3*8.090 ];
     [ wls3*8.234 ];
     [ hls4*8.075 ];
     [ wls4*8.210 ];
     [ hls5*8.014 ];
     [ wls5*8.143 ];
     [ hls6*7.993 ];
     [ wls6*8.075 ];
     [ hls7*8.011 ];
     [ wls7*8.091 ];
     [ hls8*7.983 ];
     [ wls8*8.087 ];
     [ hls9*8.023 ];
     [ wls9*8.090 ];
     [ hls10*7.974 ];
     [ wls10*8.028 ];

     hls1*1 (herror);
     wls1*1 (werror);
     hls2*1 (werror);
     wls2*1 (werror);
     hls3*1 (werror);
     wls3*1 (werror);
     hls4*1 (werror);
     wls4*1 (werror);
     hls5*1 (werror);
     wls5*1 (werror);
     hls6*1 (werror);
     wls6*1 (werror);
     hls7*1 (werror);
     wls7*1 (werror);
     hls8*1 (werror);
     wls8*1 (werror);
     hls9*1 (werror);
     wls9*1 (werror);
     hls10*1 (werror);
     wls10*1 (werror);
     htrait*1 (htraitvar);
     har1*1 (harvar);
     har2*0.510 (hnew);
     har3*0.510 (hnew);
     har4*0.510 (hnew);
     har5*0.510 (hnew);
     har6*0.510 (hnew);
     har7*0.510 (hnew);
     har8*0.510 (hnew);
     har9*0.510 (hnew);
     har10*0.510 (hnew);
     wtrait*1 (wtraitvar);
     war1*1 (warvar);
     war2*0.510 (wnew);
     war3*0.510 (wnew);
     war4*0.510 (wnew);
     war5*0.510 (wnew);
     war6*0.510 (wnew);
     war7*0.510 (wnew);
     war8*0.510 (wnew);
     war9*0.510 (wnew);
     war10*0.510 (wnew);

     ! NEW statements in MODEL CONSTRAINT
     NEW(tsim*0.600);
     NEW(isim*0.500);
     NEW(nsim*3);
     NEW(esim*0);
     NEW(hrel*0.667);
     NEW(wrel*0.667);




     Beginning Time:  16:33:58
        Ending Time:  16:34:01
       Elapsed Time:  00:00:03



MUTHEN & MUTHEN
3463 Stoner Ave.
Los Angeles, CA  90066

Tel: (310) 391-9971
Fax: (310) 391-8971
Web: www.StatModel.com
Support: Support@StatModel.com

Copyright (c) 1998-2010 Muthen & Muthen
